0 info it worked if it ends with ok
1 verbose cli [ 'C:\\Program Files\\nodejs\\node.exe',
1 verbose cli   'C:\\Program Files\\nodejs\\node_modules\\npm\\bin\\npm-cli.js',
1 verbose cli   'run',
1 verbose cli   'test' ]
2 info using npm@4.1.2
3 info using node@v7.7.2
4 verbose run-script [ 'pretest', 'test', 'posttest' ]
5 info lifecycle histria-js@1.0.0~pretest: histria-js@1.0.0
6 silly lifecycle histria-js@1.0.0~pretest: no script for pretest, continuing
7 info lifecycle histria-js@1.0.0~test: histria-js@1.0.0
8 verbose lifecycle histria-js@1.0.0~test: unsafe-perm in lifecycle true
9 verbose lifecycle histria-js@1.0.0~test: PATH: C:\Program Files\nodejs\node_modules\npm\bin\node-gyp-bin;D:\pers\histria-js\node_modules\.bin;C:\oracle\instantclient_12_1;C:\ProgramData\Oracle\Java\javapath;C:\windows\system32;C:\windows;C:\windows\System32\Wbem;C:\windows\System32\WindowsPowerShell\v1.0\;C:\Program Files\Microsoft SQL Server\110\Tools\Binn\;C:\Program Files (x86)\Microsoft SDKs\TypeScript\1.5\;C:\Program Files\Microsoft SQL Server\120\Tools\Binn\;C:\Program Files\TortoiseSVN\bin;c:\Program Files (x86)\Microsoft SQL Server\110\Tools\Binn\ManagementStudio\;c:\Program Files (x86)\Microsoft SQL Server\110\Tools\Binn\;c:\Program Files (x86)\Microsoft SQL Server\110\DTS\Binn\;c:\Program Files\Microsoft SQL Server\110\DTS\Binn\;C:\Program Files\Git\cmd;C:\Program Files\TortoiseGit\bin;C:\Program Files\nodejs\;C:\Program Files (x86)\Yarn\bin;C:\Ruby23-x64\bin;C:\Program Files (x86)\Microsoft VS Code\bin;C:\Users\misto\AppData\Roaming\npm;C:\Users\misto\AppData\Local\Yarn\.bin
10 verbose lifecycle histria-js@1.0.0~test: CWD: D:\pers\histria-js
11 silly lifecycle histria-js@1.0.0~test: Args: [ '/d /s /c', 'mocha test/**/*.specs.js' ]
12 silly lifecycle histria-js@1.0.0~test: Returned: code: 2  signal: null
13 info lifecycle histria-js@1.0.0~test: Failed to exec test script
14 verbose stack Error: histria-js@1.0.0 test: `mocha test/**/*.specs.js`
14 verbose stack Exit status 2
14 verbose stack     at EventEmitter.<anonymous> (C:\Program Files\nodejs\node_modules\npm\lib\utils\lifecycle.js:279:16)
14 verbose stack     at emitTwo (events.js:106:13)
14 verbose stack     at EventEmitter.emit (events.js:194:7)
14 verbose stack     at ChildProcess.<anonymous> (C:\Program Files\nodejs\node_modules\npm\lib\utils\spawn.js:40:14)
14 verbose stack     at emitTwo (events.js:106:13)
14 verbose stack     at ChildProcess.emit (events.js:194:7)
14 verbose stack     at maybeClose (internal/child_process.js:899:16)
14 verbose stack     at Process.ChildProcess._handle.onexit (internal/child_process.js:226:5)
15 verbose pkgid histria-js@1.0.0
16 verbose cwd D:\pers\histria-js
17 error Windows_NT 6.1.7601
18 error argv "C:\\Program Files\\nodejs\\node.exe" "C:\\Program Files\\nodejs\\node_modules\\npm\\bin\\npm-cli.js" "run" "test"
19 error node v7.7.2
20 error npm  v4.1.2
21 error code ELIFECYCLE
22 error histria-js@1.0.0 test: `mocha test/**/*.specs.js`
22 error Exit status 2
23 error Failed at the histria-js@1.0.0 test script 'mocha test/**/*.specs.js'.
23 error Make sure you have the latest version of node.js and npm installed.
23 error If you do, this is most likely a problem with the histria-js package,
23 error not with npm itself.
23 error Tell the author that this fails on your system:
23 error     mocha test/**/*.specs.js
23 error You can get information on how to open an issue for this project with:
23 error     npm bugs histria-js
23 error Or if that isn't available, you can get their info via:
23 error     npm owner ls histria-js
23 error There is likely additional logging output above.
24 verbose exit [ 1, true ]
